2024-12-21T14:11:50.584+08:00  INFO 4340 --- [flink-tpch-streaming] [main] com.example.Application                  : Starting Application using Java 20.0.2 with PID 4340 (D:\flink-tpch-streaming\target\flink-tpch-streaming-1.0-SNAPSHOT.jar started by KIKI_ in D:\flink-tpch-streaming)
2024-12-21T14:11:50.586+08:00 DEBUG 4340 --- [flink-tpch-streaming] [main] com.example.Application                  : Running with Spring Boot v3.2.1, Spring v6.1.2
2024-12-21T14:11:50.586+08:00  INFO 4340 --- [flink-tpch-streaming] [main] com.example.Application                  : No active profile set, falling back to 1 default profile: "default"
2024-12-21T14:11:52.074+08:00  INFO 4340 --- [flink-tpch-streaming] [main] o.s.b.w.embedded.tomcat.TomcatWebServer  : Tomcat initialized with port 8080 (http)
2024-12-21T14:11:52.090+08:00  INFO 4340 --- [flink-tpch-streaming] [main] o.apache.catalina.core.StandardService   : Starting service [Tomcat]
2024-12-21T14:11:52.090+08:00  INFO 4340 --- [flink-tpch-streaming] [main] o.apache.catalina.core.StandardEngine    : Starting Servlet engine: [Apache Tomcat/10.1.17]
2024-12-21T14:11:52.137+08:00  INFO 4340 --- [flink-tpch-streaming] [main] o.a.c.c.C.[Tomcat].[localhost].[/]       : Initializing Spring embedded WebApplicationContext
2024-12-21T14:11:52.137+08:00  INFO 4340 --- [flink-tpch-streaming] [main] w.s.c.ServletWebServerApplicationContext : Root WebApplicationContext: initialization completed in 1437 ms
2024-12-21T14:11:54.514+08:00  INFO 4340 --- [flink-tpch-streaming] [main] o.s.b.a.w.s.WelcomePageHandlerMapping    : Adding welcome page: class path resource [static/index.html]
2024-12-21T14:11:54.802+08:00  INFO 4340 --- [flink-tpch-streaming] [main] o.s.b.w.embedded.tomcat.TomcatWebServer  : Tomcat started on port 8080 (http) with context path ''
2024-12-21T14:11:54.829+08:00  INFO 4340 --- [flink-tpch-streaming] [main] com.example.Application                  : Started Application in 4.938 seconds (process running for 5.8)
2024-12-21T14:11:55.121+08:00  INFO 4340 --- [flink-tpch-streaming] [http-nio-8080-exec-1] o.a.c.c.C.[Tomcat].[localhost].[/]       : Initializing Spring DispatcherServlet 'dispatcherServlet'
2024-12-21T14:11:55.121+08:00  INFO 4340 --- [flink-tpch-streaming] [http-nio-8080-exec-1] o.s.web.servlet.DispatcherServlet        : Initializing Servlet 'dispatcherServlet'
2024-12-21T14:11:55.121+08:00  INFO 4340 --- [flink-tpch-streaming] [http-nio-8080-exec-1] o.s.web.servlet.DispatcherServlet        : Completed initialization in 0 ms
2024-12-21T14:11:55.384+08:00  INFO 4340 --- [flink-tpch-streaming] [http-nio-8080-exec-2] c.e.handler.LiveQueryWebSocketHandler    : WebSocket connection established: 818e774c-de62-d3e6-ae1b-9705ecc5b7f3
2024-12-21T14:11:56.419+08:00  INFO 4340 --- [flink-tpch-streaming] [http-nio-8080-exec-5] c.e.handler.LiveQueryWebSocketHandler    : Received request: QueryRequest(action=start, queryName=Q3, queryId=null)
2024-12-21T14:11:56.664+08:00  INFO 4340 --- [flink-tpch-streaming] [http-nio-8080-exec-6] c.e.handler.LiveQueryWebSocketHandler    : Received request: QueryRequest(action=start, queryName=Q3, queryId=null)
2024-12-21T14:11:56.891+08:00  INFO 4340 --- [flink-tpch-streaming] [http-nio-8080-exec-3] c.e.handler.LiveQueryWebSocketHandler    : Received request: QueryRequest(action=start, queryName=Q3, queryId=null)
2024-12-21T14:11:58.824+08:00  INFO 4340 --- [flink-tpch-streaming] [http-nio-8080-exec-9] c.e.handler.LiveQueryWebSocketHandler    : Received request: QueryRequest(action=start, queryName=Q1, queryId=null)
2024-12-21T14:11:58.977+08:00  INFO 4340 --- [flink-tpch-streaming] [http-nio-8080-exec-10] c.e.handler.LiveQueryWebSocketHandler    : Received request: QueryRequest(action=start, queryName=Q1, queryId=null)
2024-12-21T14:11:59.145+08:00  INFO 4340 --- [flink-tpch-streaming] [http-nio-8080-exec-1] c.e.handler.LiveQueryWebSocketHandler    : Received request: QueryRequest(action=start, queryName=Q1, queryId=null)
2024-12-21T14:13:22.074+08:00  INFO 4340 --- [flink-tpch-streaming] [http-nio-8080-exec-2] c.e.handler.LiveQueryWebSocketHandler    : Received request: QueryRequest(action=stop, queryName=null, queryId=null)
2024-12-21T14:13:22.750+08:00  INFO 4340 --- [flink-tpch-streaming] [http-nio-8080-exec-4] c.e.handler.LiveQueryWebSocketHandler    : Received request: QueryRequest(action=start, queryName=Q1, queryId=null)
2024-12-21T14:13:23.231+08:00  INFO 4340 --- [flink-tpch-streaming] [http-nio-8080-exec-5] c.e.handler.LiveQueryWebSocketHandler    : Received request: QueryRequest(action=stop, queryName=null, queryId=null)
2024-12-21T14:13:23.759+08:00  INFO 4340 --- [flink-tpch-streaming] [http-nio-8080-exec-6] c.e.handler.LiveQueryWebSocketHandler    : Received request: QueryRequest(action=start, queryName=Q1, queryId=null)
2024-12-21T14:13:24.131+08:00  INFO 4340 --- [flink-tpch-streaming] [http-nio-8080-exec-3] c.e.handler.LiveQueryWebSocketHandler    : Received request: QueryRequest(action=stop, queryName=null, queryId=null)
2024-12-21T14:15:51.477+08:00  INFO 4340 --- [flink-tpch-streaming] [SpringApplicationShutdownHook] c.e.handler.LiveQueryWebSocketHandler    : WebSocket connection closed: 818e774c-de62-d3e6-ae1b-9705ecc5b7f3
2024-12-21T14:21:23.067+08:00  INFO 14044 --- [flink-tpch-streaming] [main] com.example.Application                  : Starting Application using Java 20.0.2 with PID 14044 (D:\flink-tpch-streaming\target\flink-tpch-streaming-1.0-SNAPSHOT.jar started by KIKI_ in D:\flink-tpch-streaming)
2024-12-21T14:21:23.068+08:00 DEBUG 14044 --- [flink-tpch-streaming] [main] com.example.Application                  : Running with Spring Boot v3.2.1, Spring v6.1.2
2024-12-21T14:21:23.068+08:00  INFO 14044 --- [flink-tpch-streaming] [main] com.example.Application                  : No active profile set, falling back to 1 default profile: "default"
2024-12-21T14:21:24.191+08:00  INFO 14044 --- [flink-tpch-streaming] [main] o.s.b.w.embedded.tomcat.TomcatWebServer  : Tomcat initialized with port 8080 (http)
2024-12-21T14:21:24.191+08:00  INFO 14044 --- [flink-tpch-streaming] [main] o.apache.catalina.core.StandardService   : Starting service [Tomcat]
2024-12-21T14:21:24.191+08:00  INFO 14044 --- [flink-tpch-streaming] [main] o.apache.catalina.core.StandardEngine    : Starting Servlet engine: [Apache Tomcat/10.1.17]
2024-12-21T14:21:24.253+08:00  INFO 14044 --- [flink-tpch-streaming] [main] o.a.c.c.C.[Tomcat].[localhost].[/]       : Initializing Spring embedded WebApplicationContext
2024-12-21T14:21:24.253+08:00  INFO 14044 --- [flink-tpch-streaming] [main] w.s.c.ServletWebServerApplicationContext : Root WebApplicationContext: initialization completed in 1100 ms
2024-12-21T14:21:25.586+08:00  INFO 14044 --- [flink-tpch-streaming] [main] o.s.b.a.w.s.WelcomePageHandlerMapping    : Adding welcome page: class path resource [static/index.html]
2024-12-21T14:21:25.782+08:00  INFO 14044 --- [flink-tpch-streaming] [main] o.s.b.w.embedded.tomcat.TomcatWebServer  : Tomcat started on port 8080 (http) with context path ''
2024-12-21T14:21:25.793+08:00  INFO 14044 --- [flink-tpch-streaming] [main] com.example.Application                  : Started Application in 3.279 seconds (process running for 4.086)
2024-12-21T14:21:32.866+08:00  INFO 14044 --- [flink-tpch-streaming] [http-nio-8080-exec-1] o.a.c.c.C.[Tomcat].[localhost].[/]       : Initializing Spring DispatcherServlet 'dispatcherServlet'
2024-12-21T14:21:32.866+08:00  INFO 14044 --- [flink-tpch-streaming] [http-nio-8080-exec-1] o.s.web.servlet.DispatcherServlet        : Initializing Servlet 'dispatcherServlet'
2024-12-21T14:21:32.866+08:00  INFO 14044 --- [flink-tpch-streaming] [http-nio-8080-exec-1] o.s.web.servlet.DispatcherServlet        : Completed initialization in 0 ms
2024-12-21T14:21:33.047+08:00  INFO 14044 --- [flink-tpch-streaming] [http-nio-8080-exec-3] c.e.handler.LiveQueryWebSocketHandler    : WebSocket connection established: b8d94650-7243-9ca2-9554-0b80680363c2
2024-12-21T14:21:35.144+08:00  INFO 14044 --- [flink-tpch-streaming] [http-nio-8080-exec-2] c.e.handler.LiveQueryWebSocketHandler    : Received request: QueryRequest(action=start, queryName=Q3, queryId=null)
2024-12-21T14:22:47.146+08:00  INFO 14044 --- [flink-tpch-streaming] [http-nio-8080-exec-6] c.e.handler.LiveQueryWebSocketHandler    : Received request: QueryRequest(action=start, queryName=Q3, queryId=null)
2024-12-21T14:22:48.082+08:00  INFO 14044 --- [flink-tpch-streaming] [http-nio-8080-exec-7] c.e.handler.LiveQueryWebSocketHandler    : Received request: QueryRequest(action=stop, queryName=null, queryId=null)
2024-12-21T14:30:44.758+08:00  INFO 14044 --- [flink-tpch-streaming] [SpringApplicationShutdownHook] c.e.handler.LiveQueryWebSocketHandler    : WebSocket connection closed: b8d94650-7243-9ca2-9554-0b80680363c2
2024-12-21T14:36:12.383+08:00  INFO 19400 --- [flink-tpch-streaming] [main] com.example.Application                  : Starting Application using Java 20.0.2 with PID 19400 (D:\flink-tpch-streaming\target\flink-tpch-streaming-1.0-SNAPSHOT.jar started by KIKI_ in D:\flink-tpch-streaming)
2024-12-21T14:36:12.385+08:00 DEBUG 19400 --- [flink-tpch-streaming] [main] com.example.Application                  : Running with Spring Boot v3.2.1, Spring v6.1.2
2024-12-21T14:36:12.385+08:00  INFO 19400 --- [flink-tpch-streaming] [main] com.example.Application                  : No active profile set, falling back to 1 default profile: "default"
2024-12-21T14:36:13.479+08:00  INFO 19400 --- [flink-tpch-streaming] [main] o.s.b.w.embedded.tomcat.TomcatWebServer  : Tomcat initialized with port 8080 (http)
2024-12-21T14:36:13.494+08:00  INFO 19400 --- [flink-tpch-streaming] [main] o.apache.catalina.core.StandardService   : Starting service [Tomcat]
2024-12-21T14:36:13.494+08:00  INFO 19400 --- [flink-tpch-streaming] [main] o.apache.catalina.core.StandardEngine    : Starting Servlet engine: [Apache Tomcat/10.1.17]
2024-12-21T14:36:13.542+08:00  INFO 19400 --- [flink-tpch-streaming] [main] o.a.c.c.C.[Tomcat].[localhost].[/]       : Initializing Spring embedded WebApplicationContext
2024-12-21T14:36:13.542+08:00  INFO 19400 --- [flink-tpch-streaming] [main] w.s.c.ServletWebServerApplicationContext : Root WebApplicationContext: initialization completed in 1073 ms
2024-12-21T14:36:14.780+08:00  INFO 19400 --- [flink-tpch-streaming] [main] o.s.b.a.w.s.WelcomePageHandlerMapping    : Adding welcome page: class path resource [static/index.html]
2024-12-21T14:36:15.000+08:00  INFO 19400 --- [flink-tpch-streaming] [main] o.s.b.w.embedded.tomcat.TomcatWebServer  : Tomcat started on port 8080 (http) with context path ''
2024-12-21T14:36:15.023+08:00  INFO 19400 --- [flink-tpch-streaming] [main] com.example.Application                  : Started Application in 3.182 seconds (process running for 3.979)
2024-12-21T14:36:33.272+08:00  INFO 19400 --- [flink-tpch-streaming] [http-nio-8080-exec-1] o.a.c.c.C.[Tomcat].[localhost].[/]       : Initializing Spring DispatcherServlet 'dispatcherServlet'
2024-12-21T14:36:33.272+08:00  INFO 19400 --- [flink-tpch-streaming] [http-nio-8080-exec-1] o.s.web.servlet.DispatcherServlet        : Initializing Servlet 'dispatcherServlet'
2024-12-21T14:36:33.272+08:00  INFO 19400 --- [flink-tpch-streaming] [http-nio-8080-exec-1] o.s.web.servlet.DispatcherServlet        : Completed initialization in 0 ms
2024-12-21T14:36:33.439+08:00  INFO 19400 --- [flink-tpch-streaming] [http-nio-8080-exec-2] c.e.handler.LiveQueryWebSocketHandler    : WebSocket connection established: b9ce8e56-422e-31e7-20a6-5767d1d739b6
2024-12-21T14:36:33.478+08:00 DEBUG 19400 --- [flink-tpch-streaming] [http-nio-8080-exec-2] c.e.handler.LiveQueryWebSocketHandler    : Sent query result to session b9ce8e56-422e-31e7-20a6-5767d1d739b6: {"queryId":null,"queryName":null,"error":false,"message":"Connected","data":null}
2024-12-21T14:36:37.280+08:00  INFO 19400 --- [flink-tpch-streaming] [http-nio-8080-exec-3] c.e.handler.LiveQueryWebSocketHandler    : Received request: QueryRequest{action='start', queryName='Q3', queryId='null', kafkaProperties=not configured}
2024-12-21T14:36:37.908+08:00 DEBUG 19400 --- [flink-tpch-streaming] [http-nio-8080-exec-3] c.e.handler.LiveQueryWebSocketHandler    : Sent query result to session b9ce8e56-422e-31e7-20a6-5767d1d739b6: {"queryId":"6bfeb7be-ea94-42c8-8e2b-f174eddaecb4","queryName":null,"error":true,"message":"metadataHandlerProvider","data":null}
2024-12-21T14:36:37.908+08:00 ERROR 19400 --- [flink-tpch-streaming] [http-nio-8080-exec-3] c.e.handler.LiveQueryWebSocketHandler    : Sent error to session b9ce8e56-422e-31e7-20a6-5767d1d739b6: Failed to start query
2024-12-21T14:36:38.076+08:00  INFO 19400 --- [flink-tpch-streaming] [http-nio-8080-exec-4] c.e.handler.LiveQueryWebSocketHandler    : Received request: QueryRequest{action='start', queryName='Q3', queryId='null', kafkaProperties=not configured}
2024-12-21T14:36:38.109+08:00 DEBUG 19400 --- [flink-tpch-streaming] [http-nio-8080-exec-4] c.e.handler.LiveQueryWebSocketHandler    : Sent query result to session b9ce8e56-422e-31e7-20a6-5767d1d739b6: {"queryId":"f3e6e0bf-acc2-4baf-930d-b3630e490faa","queryName":null,"error":true,"message":"metadataHandlerProvider","data":null}
2024-12-21T14:36:38.122+08:00 ERROR 19400 --- [flink-tpch-streaming] [http-nio-8080-exec-4] c.e.handler.LiveQueryWebSocketHandler    : Sent error to session b9ce8e56-422e-31e7-20a6-5767d1d739b6: Failed to start query
2024-12-21T14:36:42.051+08:00  INFO 19400 --- [flink-tpch-streaming] [http-nio-8080-exec-5] c.e.handler.LiveQueryWebSocketHandler    : Received request: QueryRequest{action='start', queryName='Q3', queryId='null', kafkaProperties=not configured}
2024-12-21T14:36:42.089+08:00 DEBUG 19400 --- [flink-tpch-streaming] [http-nio-8080-exec-5] c.e.handler.LiveQueryWebSocketHandler    : Sent query result to session b9ce8e56-422e-31e7-20a6-5767d1d739b6: {"queryId":"ac6e885f-392d-43d7-a1e5-03e4b89cbf13","queryName":null,"error":true,"message":"metadataHandlerProvider","data":null}
2024-12-21T14:36:42.090+08:00 ERROR 19400 --- [flink-tpch-streaming] [http-nio-8080-exec-5] c.e.handler.LiveQueryWebSocketHandler    : Sent error to session b9ce8e56-422e-31e7-20a6-5767d1d739b6: Failed to start query
2024-12-21T14:36:45.063+08:00  INFO 19400 --- [flink-tpch-streaming] [http-nio-8080-exec-6] c.e.handler.LiveQueryWebSocketHandler    : Received request: QueryRequest{action='start', queryName='Q1', queryId='null', kafkaProperties=not configured}
2024-12-21T14:36:45.083+08:00 DEBUG 19400 --- [flink-tpch-streaming] [http-nio-8080-exec-6] c.e.handler.LiveQueryWebSocketHandler    : Sent query result to session b9ce8e56-422e-31e7-20a6-5767d1d739b6: {"queryId":"72a09039-59b6-4156-8ee3-34d21de9ac91","queryName":null,"error":true,"message":"metadataHandlerProvider","data":null}
2024-12-21T14:36:45.088+08:00 ERROR 19400 --- [flink-tpch-streaming] [http-nio-8080-exec-6] c.e.handler.LiveQueryWebSocketHandler    : Sent error to session b9ce8e56-422e-31e7-20a6-5767d1d739b6: Failed to start query
2024-12-21T14:36:47.273+08:00  INFO 19400 --- [flink-tpch-streaming] [http-nio-8080-exec-7] c.e.handler.LiveQueryWebSocketHandler    : Received request: QueryRequest{action='start', queryName='Q1', queryId='null', kafkaProperties=not configured}
2024-12-21T14:36:47.290+08:00 DEBUG 19400 --- [flink-tpch-streaming] [http-nio-8080-exec-7] c.e.handler.LiveQueryWebSocketHandler    : Sent query result to session b9ce8e56-422e-31e7-20a6-5767d1d739b6: {"queryId":"92b6c767-b898-4eba-a2fe-06de8e909ebe","queryName":null,"error":true,"message":"metadataHandlerProvider","data":null}
2024-12-21T14:36:47.290+08:00 ERROR 19400 --- [flink-tpch-streaming] [http-nio-8080-exec-7] c.e.handler.LiveQueryWebSocketHandler    : Sent error to session b9ce8e56-422e-31e7-20a6-5767d1d739b6: Failed to start query
2024-12-21T14:39:41.841+08:00  INFO 19400 --- [flink-tpch-streaming] [SpringApplicationShutdownHook] c.e.handler.LiveQueryWebSocketHandler    : WebSocket connection closed: b9ce8e56-422e-31e7-20a6-5767d1d739b6 with status CloseStatus[code=1001, reason=The web application is stopping]
2024-12-21T14:42:14.320+08:00  INFO 16436 --- [flink-tpch-streaming] [main] com.example.Application                  : Starting Application using Java 20.0.2 with PID 16436 (D:\flink-tpch-streaming\target\flink-tpch-streaming-1.0-SNAPSHOT.jar started by KIKI_ in D:\flink-tpch-streaming)
2024-12-21T14:42:14.322+08:00 DEBUG 16436 --- [flink-tpch-streaming] [main] com.example.Application                  : Running with Spring Boot v3.2.1, Spring v6.1.2
2024-12-21T14:42:14.322+08:00  INFO 16436 --- [flink-tpch-streaming] [main] com.example.Application                  : No active profile set, falling back to 1 default profile: "default"
2024-12-21T14:42:15.423+08:00  INFO 16436 --- [flink-tpch-streaming] [main] o.s.b.w.embedded.tomcat.TomcatWebServer  : Tomcat initialized with port 8080 (http)
2024-12-21T14:42:15.439+08:00  INFO 16436 --- [flink-tpch-streaming] [main] o.apache.catalina.core.StandardService   : Starting service [Tomcat]
2024-12-21T14:42:15.439+08:00  INFO 16436 --- [flink-tpch-streaming] [main] o.apache.catalina.core.StandardEngine    : Starting Servlet engine: [Apache Tomcat/10.1.17]
2024-12-21T14:42:15.489+08:00  INFO 16436 --- [flink-tpch-streaming] [main] o.a.c.c.C.[Tomcat].[localhost].[/]       : Initializing Spring embedded WebApplicationContext
2024-12-21T14:42:15.489+08:00  INFO 16436 --- [flink-tpch-streaming] [main] w.s.c.ServletWebServerApplicationContext : Root WebApplicationContext: initialization completed in 1079 ms
2024-12-21T14:42:16.806+08:00  INFO 16436 --- [flink-tpch-streaming] [main] o.s.b.a.w.s.WelcomePageHandlerMapping    : Adding welcome page: class path resource [static/index.html]
2024-12-21T14:42:17.026+08:00  INFO 16436 --- [flink-tpch-streaming] [main] o.s.b.w.embedded.tomcat.TomcatWebServer  : Tomcat started on port 8080 (http) with context path ''
2024-12-21T14:42:17.042+08:00  INFO 16436 --- [flink-tpch-streaming] [main] com.example.Application                  : Started Application in 3.257 seconds (process running for 4.064)
2024-12-21T14:42:22.327+08:00  INFO 16436 --- [flink-tpch-streaming] [http-nio-8080-exec-1] o.a.c.c.C.[Tomcat].[localhost].[/]       : Initializing Spring DispatcherServlet 'dispatcherServlet'
2024-12-21T14:42:22.327+08:00  INFO 16436 --- [flink-tpch-streaming] [http-nio-8080-exec-1] o.s.web.servlet.DispatcherServlet        : Initializing Servlet 'dispatcherServlet'
2024-12-21T14:42:22.329+08:00  INFO 16436 --- [flink-tpch-streaming] [http-nio-8080-exec-1] o.s.web.servlet.DispatcherServlet        : Completed initialization in 0 ms
2024-12-21T14:42:22.477+08:00  INFO 16436 --- [flink-tpch-streaming] [http-nio-8080-exec-2] c.e.handler.LiveQueryWebSocketHandler    : WebSocket connection established: 8c7e1d9c-79f4-a46d-b738-e8a571399b4c
2024-12-21T14:42:22.525+08:00 DEBUG 16436 --- [flink-tpch-streaming] [http-nio-8080-exec-2] c.e.handler.LiveQueryWebSocketHandler    : Sent query result to session 8c7e1d9c-79f4-a46d-b738-e8a571399b4c: {"queryId":null,"queryName":null,"error":false,"message":"Connected","data":null}
2024-12-21T14:42:24.792+08:00  INFO 16436 --- [flink-tpch-streaming] [http-nio-8080-exec-3] c.e.handler.LiveQueryWebSocketHandler    : Received request: QueryRequest{action='start', queryName='Q3', queryId='null', kafkaProperties=not configured}
2024-12-21T14:42:25.416+08:00 DEBUG 16436 --- [flink-tpch-streaming] [http-nio-8080-exec-3] c.e.handler.LiveQueryWebSocketHandler    : Sent query result to session 8c7e1d9c-79f4-a46d-b738-e8a571399b4c: {"queryId":"db7d3a35-c3cb-424f-aa42-d71030152a7c","queryName":null,"error":true,"message":"metadataHandlerProvider","data":null}
2024-12-21T14:42:25.416+08:00 ERROR 16436 --- [flink-tpch-streaming] [http-nio-8080-exec-3] c.e.handler.LiveQueryWebSocketHandler    : Sent error to session 8c7e1d9c-79f4-a46d-b738-e8a571399b4c: Failed to start query
2024-12-21T14:42:27.453+08:00  INFO 16436 --- [flink-tpch-streaming] [http-nio-8080-exec-4] c.e.handler.LiveQueryWebSocketHandler    : Received request: QueryRequest{action='start', queryName='Q3', queryId='null', kafkaProperties=not configured}
2024-12-21T14:42:27.497+08:00 DEBUG 16436 --- [flink-tpch-streaming] [http-nio-8080-exec-4] c.e.handler.LiveQueryWebSocketHandler    : Sent query result to session 8c7e1d9c-79f4-a46d-b738-e8a571399b4c: {"queryId":"70e5c06d-1ac1-4601-9bea-50d1c0f0b593","queryName":null,"error":true,"message":"metadataHandlerProvider","data":null}
2024-12-21T14:42:27.498+08:00 ERROR 16436 --- [flink-tpch-streaming] [http-nio-8080-exec-4] c.e.handler.LiveQueryWebSocketHandler    : Sent error to session 8c7e1d9c-79f4-a46d-b738-e8a571399b4c: Failed to start query
2024-12-21T14:42:29.546+08:00  INFO 16436 --- [flink-tpch-streaming] [http-nio-8080-exec-5] c.e.handler.LiveQueryWebSocketHandler    : Received request: QueryRequest{action='stop', queryName='null', queryId='null', kafkaProperties=not configured}
2024-12-21T14:42:29.547+08:00 ERROR 16436 --- [flink-tpch-streaming] [http-nio-8080-exec-5] c.e.handler.LiveQueryWebSocketHandler    : Sent error to session 8c7e1d9c-79f4-a46d-b738-e8a571399b4c: No active query found
2024-12-21T22:18:16.027+08:00  INFO 17952 --- [flink-tpch-streaming] [main] com.example.Application                  : Starting Application using Java 20.0.2 with PID 17952 (D:\flink-tpch-streaming\target\flink-tpch-streaming-1.0-SNAPSHOT.jar started by KIKI_ in D:\flink-tpch-streaming)
2024-12-21T22:18:16.029+08:00 DEBUG 17952 --- [flink-tpch-streaming] [main] com.example.Application                  : Running with Spring Boot v3.2.1, Spring v6.1.2
2024-12-21T22:18:16.029+08:00  INFO 17952 --- [flink-tpch-streaming] [main] com.example.Application                  : No active profile set, falling back to 1 default profile: "default"
2024-12-21T22:18:17.468+08:00  INFO 17952 --- [flink-tpch-streaming] [main] o.s.b.w.embedded.tomcat.TomcatWebServer  : Tomcat initialized with port 8080 (http)
2024-12-21T22:18:17.482+08:00  INFO 17952 --- [flink-tpch-streaming] [main] o.apache.catalina.core.StandardService   : Starting service [Tomcat]
2024-12-21T22:18:17.483+08:00  INFO 17952 --- [flink-tpch-streaming] [main] o.apache.catalina.core.StandardEngine    : Starting Servlet engine: [Apache Tomcat/10.1.17]
2024-12-21T22:18:17.539+08:00  INFO 17952 --- [flink-tpch-streaming] [main] o.a.c.c.C.[Tomcat].[localhost].[/]       : Initializing Spring embedded WebApplicationContext
2024-12-21T22:18:17.539+08:00  INFO 17952 --- [flink-tpch-streaming] [main] w.s.c.ServletWebServerApplicationContext : Root WebApplicationContext: initialization completed in 1389 ms
2024-12-21T22:18:19.295+08:00  INFO 17952 --- [flink-tpch-streaming] [main] o.s.b.a.w.s.WelcomePageHandlerMapping    : Adding welcome page: class path resource [static/index.html]
2024-12-21T22:18:19.643+08:00  INFO 17952 --- [flink-tpch-streaming] [main] o.s.b.w.embedded.tomcat.TomcatWebServer  : Tomcat started on port 8080 (http) with context path ''
2024-12-21T22:18:19.673+08:00  INFO 17952 --- [flink-tpch-streaming] [main] com.example.Application                  : Started Application in 4.352 seconds (process running for 5.485)
2024-12-21T22:18:22.516+08:00  INFO 17952 --- [flink-tpch-streaming] [http-nio-8080-exec-1] o.a.c.c.C.[Tomcat].[localhost].[/]       : Initializing Spring DispatcherServlet 'dispatcherServlet'
2024-12-21T22:18:22.517+08:00  INFO 17952 --- [flink-tpch-streaming] [http-nio-8080-exec-1] o.s.web.servlet.DispatcherServlet        : Initializing Servlet 'dispatcherServlet'
2024-12-21T22:18:22.518+08:00  INFO 17952 --- [flink-tpch-streaming] [http-nio-8080-exec-1] o.s.web.servlet.DispatcherServlet        : Completed initialization in 1 ms
2024-12-21T22:18:22.682+08:00  INFO 17952 --- [flink-tpch-streaming] [http-nio-8080-exec-2] c.e.handler.LiveQueryWebSocketHandler    : WebSocket connection established: 14a12799-1f2f-3385-9d87-42d4a464ac4e
2024-12-21T22:18:22.719+08:00 DEBUG 17952 --- [flink-tpch-streaming] [http-nio-8080-exec-2] c.e.handler.LiveQueryWebSocketHandler    : Sent query result to session 14a12799-1f2f-3385-9d87-42d4a464ac4e: {"queryId":null,"queryName":null,"error":false,"message":"Connected","data":null}
2024-12-21T22:18:25.632+08:00  INFO 17952 --- [flink-tpch-streaming] [http-nio-8080-exec-3] c.e.handler.LiveQueryWebSocketHandler    : Received request: QueryRequest{action='start', queryName='Q3', queryId='null', kafkaProperties=not configured}
2024-12-21T22:18:26.241+08:00 DEBUG 17952 --- [flink-tpch-streaming] [http-nio-8080-exec-3] c.e.handler.LiveQueryWebSocketHandler    : Sent query result to session 14a12799-1f2f-3385-9d87-42d4a464ac4e: {"queryId":"294ca77e-a656-49dc-84a1-488e6263353f","queryName":null,"error":true,"message":"metadataHandlerProvider","data":null}
2024-12-21T22:18:26.241+08:00 ERROR 17952 --- [flink-tpch-streaming] [http-nio-8080-exec-3] c.e.handler.LiveQueryWebSocketHandler    : Sent error to session 14a12799-1f2f-3385-9d87-42d4a464ac4e: Failed to start query
2024-12-21T22:18:28.995+08:00  INFO 17952 --- [flink-tpch-streaming] [http-nio-8080-exec-4] c.e.handler.LiveQueryWebSocketHandler    : Received request: QueryRequest{action='stop', queryName='null', queryId='null', kafkaProperties=not configured}
2024-12-21T22:18:28.996+08:00 ERROR 17952 --- [flink-tpch-streaming] [http-nio-8080-exec-4] c.e.handler.LiveQueryWebSocketHandler    : Sent error to session 14a12799-1f2f-3385-9d87-42d4a464ac4e: No active query found
2024-12-21T22:18:30.132+08:00  INFO 17952 --- [flink-tpch-streaming] [http-nio-8080-exec-5] c.e.handler.LiveQueryWebSocketHandler    : Received request: QueryRequest{action='start', queryName='Q3', queryId='null', kafkaProperties=not configured}
2024-12-21T22:18:30.170+08:00 DEBUG 17952 --- [flink-tpch-streaming] [http-nio-8080-exec-5] c.e.handler.LiveQueryWebSocketHandler    : Sent query result to session 14a12799-1f2f-3385-9d87-42d4a464ac4e: {"queryId":"d9b75025-d832-4997-b696-172afc4d036f","queryName":null,"error":true,"message":"metadataHandlerProvider","data":null}
2024-12-21T22:18:30.171+08:00 ERROR 17952 --- [flink-tpch-streaming] [http-nio-8080-exec-5] c.e.handler.LiveQueryWebSocketHandler    : Sent error to session 14a12799-1f2f-3385-9d87-42d4a464ac4e: Failed to start query
2024-12-21T22:18:37.872+08:00  INFO 17952 --- [flink-tpch-streaming] [http-nio-8080-exec-6] c.e.handler.LiveQueryWebSocketHandler    : WebSocket connection closed: 14a12799-1f2f-3385-9d87-42d4a464ac4e with status CloseStatus[code=1001, reason=null]
2024-12-21T23:29:48.677+08:00  INFO 2440 --- [flink-tpch-streaming] [main] com.example.Application                  : Starting Application using Java 20.0.2 with PID 2440 (D:\flink-tpch-streaming\target\flink-tpch-streaming-1.0-SNAPSHOT.jar started by KIKI_ in D:\flink-tpch-streaming)
2024-12-21T23:29:48.679+08:00 DEBUG 2440 --- [flink-tpch-streaming] [main] com.example.Application                  : Running with Spring Boot v3.2.1, Spring v6.1.2
2024-12-21T23:29:48.680+08:00  INFO 2440 --- [flink-tpch-streaming] [main] com.example.Application                  : No active profile set, falling back to 1 default profile: "default"
2024-12-21T23:29:50.137+08:00  INFO 2440 --- [flink-tpch-streaming] [main] o.s.b.w.embedded.tomcat.TomcatWebServer  : Tomcat initialized with port 8080 (http)
2024-12-21T23:29:50.151+08:00  INFO 2440 --- [flink-tpch-streaming] [main] o.apache.catalina.core.StandardService   : Starting service [Tomcat]
2024-12-21T23:29:50.151+08:00  INFO 2440 --- [flink-tpch-streaming] [main] o.apache.catalina.core.StandardEngine    : Starting Servlet engine: [Apache Tomcat/10.1.17]
2024-12-21T23:29:50.207+08:00  INFO 2440 --- [flink-tpch-streaming] [main] o.a.c.c.C.[Tomcat].[localhost].[/]       : Initializing Spring embedded WebApplicationContext
2024-12-21T23:29:50.207+08:00  INFO 2440 --- [flink-tpch-streaming] [main] w.s.c.ServletWebServerApplicationContext : Root WebApplicationContext: initialization completed in 1424 ms
2024-12-21T23:29:51.677+08:00  INFO 2440 --- [flink-tpch-streaming] [main] o.s.b.a.w.s.WelcomePageHandlerMapping    : Adding welcome page: class path resource [static/index.html]
2024-12-21T23:29:51.953+08:00  INFO 2440 --- [flink-tpch-streaming] [main] o.s.b.w.embedded.tomcat.TomcatWebServer  : Tomcat started on port 8080 (http) with context path ''
2024-12-21T23:29:51.971+08:00  INFO 2440 --- [flink-tpch-streaming] [main] com.example.Application                  : Started Application in 3.98 seconds (process running for 4.897)
2024-12-21T23:30:01.621+08:00  INFO 2440 --- [flink-tpch-streaming] [http-nio-8080-exec-1] o.a.c.c.C.[Tomcat].[localhost].[/]       : Initializing Spring DispatcherServlet 'dispatcherServlet'
2024-12-21T23:30:01.621+08:00  INFO 2440 --- [flink-tpch-streaming] [http-nio-8080-exec-1] o.s.web.servlet.DispatcherServlet        : Initializing Servlet 'dispatcherServlet'
2024-12-21T23:30:01.622+08:00  INFO 2440 --- [flink-tpch-streaming] [http-nio-8080-exec-1] o.s.web.servlet.DispatcherServlet        : Completed initialization in 1 ms
2024-12-21T23:30:01.795+08:00  INFO 2440 --- [flink-tpch-streaming] [http-nio-8080-exec-2] c.e.handler.LiveQueryWebSocketHandler    : WebSocket connection established: bd7f9165-0af2-5547-e180-5b438587c7a5
2024-12-21T23:30:01.834+08:00 DEBUG 2440 --- [flink-tpch-streaming] [http-nio-8080-exec-2] c.e.handler.LiveQueryWebSocketHandler    : Sent query result to session bd7f9165-0af2-5547-e180-5b438587c7a5: {"queryId":null,"queryName":null,"error":false,"message":"Connected","data":null}
2024-12-21T23:30:02.837+08:00  INFO 2440 --- [flink-tpch-streaming] [http-nio-8080-exec-3] c.e.handler.LiveQueryWebSocketHandler    : Received request: QueryRequest{action='start', queryName='Q3', queryId='null', kafkaProperties=not configured}
2024-12-21T23:30:03.460+08:00 DEBUG 2440 --- [flink-tpch-streaming] [http-nio-8080-exec-3] c.e.handler.LiveQueryWebSocketHandler    : Sent query result to session bd7f9165-0af2-5547-e180-5b438587c7a5: {"queryId":"c0af896b-acc6-482c-a09f-7f17176489e8","queryName":null,"error":true,"message":"metadataHandlerProvider","data":null}
2024-12-21T23:30:03.461+08:00 ERROR 2440 --- [flink-tpch-streaming] [http-nio-8080-exec-3] c.e.handler.LiveQueryWebSocketHandler    : Sent error to session bd7f9165-0af2-5547-e180-5b438587c7a5: Failed to start query
2024-12-21T23:30:03.462+08:00  INFO 2440 --- [flink-tpch-streaming] [http-nio-8080-exec-3] c.e.handler.LiveQueryWebSocketHandler    : Received request: QueryRequest{action='start', queryName='Q3', queryId='null', kafkaProperties=not configured}
2024-12-21T23:30:03.502+08:00 DEBUG 2440 --- [flink-tpch-streaming] [http-nio-8080-exec-3] c.e.handler.LiveQueryWebSocketHandler    : Sent query result to session bd7f9165-0af2-5547-e180-5b438587c7a5: {"queryId":"67e1ca9d-97a6-49bd-b456-3725353a78be","queryName":null,"error":true,"message":"metadataHandlerProvider","data":null}
2024-12-21T23:30:03.503+08:00 ERROR 2440 --- [flink-tpch-streaming] [http-nio-8080-exec-3] c.e.handler.LiveQueryWebSocketHandler    : Sent error to session bd7f9165-0af2-5547-e180-5b438587c7a5: Failed to start query
2024-12-21T23:30:06.899+08:00  INFO 2440 --- [flink-tpch-streaming] [http-nio-8080-exec-4] c.e.handler.LiveQueryWebSocketHandler    : Received request: QueryRequest{action='start', queryName='Q3', queryId='null', kafkaProperties=not configured}
2024-12-21T23:30:06.935+08:00 DEBUG 2440 --- [flink-tpch-streaming] [http-nio-8080-exec-4] c.e.handler.LiveQueryWebSocketHandler    : Sent query result to session bd7f9165-0af2-5547-e180-5b438587c7a5: {"queryId":"59020ffc-bd4f-4f83-aa06-3bd41362cbc1","queryName":null,"error":true,"message":"metadataHandlerProvider","data":null}
2024-12-21T23:30:06.935+08:00 ERROR 2440 --- [flink-tpch-streaming] [http-nio-8080-exec-4] c.e.handler.LiveQueryWebSocketHandler    : Sent error to session bd7f9165-0af2-5547-e180-5b438587c7a5: Failed to start query
2024-12-21T23:30:08.273+08:00  INFO 2440 --- [flink-tpch-streaming] [http-nio-8080-exec-5] c.e.handler.LiveQueryWebSocketHandler    : Received request: QueryRequest{action='stop', queryName='null', queryId='null', kafkaProperties=not configured}
2024-12-21T23:30:08.274+08:00 ERROR 2440 --- [flink-tpch-streaming] [http-nio-8080-exec-5] c.e.handler.LiveQueryWebSocketHandler    : Sent error to session bd7f9165-0af2-5547-e180-5b438587c7a5: No active query found
2024-12-21T23:30:11.366+08:00  INFO 2440 --- [flink-tpch-streaming] [http-nio-8080-exec-6] c.e.handler.LiveQueryWebSocketHandler    : WebSocket connection closed: bd7f9165-0af2-5547-e180-5b438587c7a5 with status CloseStatus[code=1001, reason=null]
